Performing C SOURCE FILE Test CMAKE_HAVE_LIBC_PTHREAD failed with the following output:
Change Dir: /pkg/build/CMakeFiles/CMakeTmp

Run Build Command(s):/usr/bin/make cmTC_16147/fast && /usr/bin/make -f CMakeFiles/cmTC_16147.dir/build.make CMakeFiles/cmTC_16147.dir/build
make[1]: Entering directory '/pkg/build/CMakeFiles/CMakeTmp'
Building C object CMakeFiles/cmTC_16147.dir/src.c.o
/usr/bin/cc   -DCMAKE_HAVE_LIBC_PTHREAD   -o CMakeFiles/cmTC_16147.dir/src.c.o   -c /pkg/build/CMakeFiles/CMakeTmp/src.c
Linking C executable cmTC_16147
/usr/bin/cmake -E cmake_link_script CMakeFiles/cmTC_16147.dir/link.txt --verbose=1
/usr/bin/cc  -DCMAKE_HAVE_LIBC_PTHREAD    -rdynamic CMakeFiles/cmTC_16147.dir/src.c.o  -o cmTC_16147 
/usr/bin/ld: CMakeFiles/cmTC_16147.dir/src.c.o: in function `main':
src.c:(.text+0x46): undefined reference to `pthread_create'
/usr/bin/ld: src.c:(.text+0x52): undefined reference to `pthread_detach'
/usr/bin/ld: src.c:(.text+0x63): undefined reference to `pthread_join'
collect2: error: ld returned 1 exit status
make[1]: *** [CMakeFiles/cmTC_16147.dir/build.make:87: cmTC_16147] Error 1
make[1]: Leaving directory '/pkg/build/CMakeFiles/CMakeTmp'
make: *** [Makefile:121: cmTC_16147/fast] Error 2


Source file was:
#include <pthread.h>

void* test_func(void* data)
{
  return data;
}

int main(void)
{
  pthread_t thread;
  pthread_create(&thread, NULL, test_func, NULL);
  pthread_detach(thread);
  pthread_join(thread, NULL);
  pthread_atfork(NULL, NULL, NULL);
  pthread_exit(NULL);

  return 0;
}

Determining if the function pthread_create exists in the pthreads failed with the following output:
Change Dir: /pkg/build/CMakeFiles/CMakeTmp

Run Build Command(s):/usr/bin/make cmTC_75edf/fast && /usr/bin/make -f CMakeFiles/cmTC_75edf.dir/build.make CMakeFiles/cmTC_75edf.dir/build
make[1]: Entering directory '/pkg/build/CMakeFiles/CMakeTmp'
Building C object CMakeFiles/cmTC_75edf.dir/CheckFunctionExists.c.o
/usr/bin/cc   -DCHECK_FUNCTION_EXISTS=pthread_create   -o CMakeFiles/cmTC_75edf.dir/CheckFunctionExists.c.o   -c /usr/share/cmake-3.16/Modules/CheckFunctionExists.c
Linking C executable cmTC_75edf
/usr/bin/cmake -E cmake_link_script CMakeFiles/cmTC_75edf.dir/link.txt --verbose=1
/usr/bin/cc  -DCHECK_FUNCTION_EXISTS=pthread_create    -rdynamic CMakeFiles/cmTC_75edf.dir/CheckFunctionExists.c.o  -o cmTC_75edf  -lpthreads 
/usr/bin/ld: cannot find -lpthreads
collect2: error: ld returned 1 exit status
make[1]: *** [CMakeFiles/cmTC_75edf.dir/build.make:87: cmTC_75edf] Error 1
make[1]: Leaving directory '/pkg/build/CMakeFiles/CMakeTmp'
make: *** [Makefile:121: cmTC_75edf/fast] Error 2



